<?xml version="1.0" encoding="UTF-8"?>
<testsuite xmlns:xsi="http://www.w3.org/2001/XMLSchema-instance" xsi:noNamespaceSchemaLocation="https://maven.apache.org/surefire/maven-surefire-plugin/xsd/surefire-test-report.xsd" name="letter.grade.AppTest" time="0.151" tests="6" errors="0" skipped="0" failures="0">
  <properties>
    <property name="sun.desktop" value="windows"/>
    <property name="awt.toolkit" value="sun.awt.windows.WToolkit"/>
    <property name="java.specification.version" value="11"/>
    <property name="sun.cpu.isalist" value="amd64"/>
    <property name="sun.jnu.encoding" value="MS950"/>
    <property name="java.class.path" value="C:\Users\88696\Desktop\Software Engineering\Hw04\letterGrade\demo\target\test-classes;C:\Users\88696\Desktop\Software Engineering\Hw04\letterGrade\demo\target\classes;C:\Users\88696\.m2\repository\junit\junit\4.11\junit-4.11.jar;C:\Users\88696\.m2\repository\org\hamcrest\hamcrest-core\1.3\hamcrest-core-1.3.jar;"/>
    <property name="java.vm.vendor" value="Oracle Corporation"/>
    <property name="sun.arch.data.model" value="64"/>
    <property name="user.variant" value=""/>
    <property name="java.vendor.url" value="http://java.oracle.com/"/>
    <property name="user.timezone" value="Asia/Taipei"/>
    <property name="java.vm.specification.version" value="11"/>
    <property name="os.name" value="Windows 10"/>
    <property name="sun.java.launcher" value="SUN_STANDARD"/>
    <property name="user.country" value="TW"/>
    <property name="sun.boot.library.path" value="C:\Program Files (x86)\AdoptOpenJDK\jdk-11\bin"/>
    <property name="sun.java.command" value="C:\Users\88696\AppData\Local\Temp\surefire17537672432297644427\surefirebooter6066645766846233538.jar C:\Users\88696\AppData\Local\Temp\surefire17537672432297644427 2022-01-04T11-59-07_621-jvmRun1 surefire17479681471594880940tmp surefire_01149398310467109430tmp"/>
    <property name="jdk.debug" value="release"/>
    <property name="surefire.test.class.path" value="C:\Users\88696\Desktop\Software Engineering\Hw04\letterGrade\demo\target\test-classes;C:\Users\88696\Desktop\Software Engineering\Hw04\letterGrade\demo\target\classes;C:\Users\88696\.m2\repository\junit\junit\4.11\junit-4.11.jar;C:\Users\88696\.m2\repository\org\hamcrest\hamcrest-core\1.3\hamcrest-core-1.3.jar;"/>
    <property name="sun.cpu.endian" value="little"/>
    <property name="user.home" value="C:\Users\88696"/>
    <property name="user.language" value="zh"/>
    <property name="java.specification.vendor" value="Oracle Corporation"/>
    <property name="java.version.date" value="2018-09-25"/>
    <property name="java.home" value="C:\Program Files (x86)\AdoptOpenJDK\jdk-11"/>
    <property name="file.separator" value="\"/>
    <property name="basedir" value="C:\Users\88696\Desktop\Software Engineering\Hw04\letterGrade\demo"/>
    <property name="java.vm.compressedOopsMode" value="Zero based"/>
    <property name="line.separator" value="&#10;"/>
    <property name="java.specification.name" value="Java Platform API Specification"/>
    <property name="java.vm.specification.vendor" value="Oracle Corporation"/>
    <property name="java.awt.graphicsenv" value="sun.awt.Win32GraphicsEnvironment"/>
    <property name="surefire.real.class.path" value="C:\Users\88696\AppData\Local\Temp\surefire17537672432297644427\surefirebooter6066645766846233538.jar"/>
    <property name="user.script" value=""/>
    <property name="sun.management.compiler" value="HotSpot 64-Bit Tiered Compilers"/>
    <property name="java.runtime.version" value="11+28"/>
    <property name="user.name" value="88696"/>
    <property name="path.separator" value=";"/>
    <property name="os.version" value="10.0"/>
    <property name="java.runtime.name" value="OpenJDK Runtime Environment"/>
    <property name="file.encoding" value="MS950"/>
    <property name="java.vm.name" value="OpenJDK 64-Bit Server VM"/>
    <property name="java.vendor.version" value="18.9"/>
    <property name="localRepository" value="C:\Users\88696\.m2\repository"/>
    <property name="java.vendor.url.bug" value="http://bugreport.java.com/bugreport/"/>
    <property name="java.io.tmpdir" value="C:\Users\88696\AppData\Local\Temp\"/>
    <property name="java.version" value="11"/>
    <property name="user.dir" value="C:\Users\88696\Desktop\Software Engineering\Hw04\letterGrade\demo"/>
    <property name="os.arch" value="amd64"/>
    <property name="java.vm.specification.name" value="Java Virtual Machine Specification"/>
    <property name="java.awt.printerjob" value="sun.awt.windows.WPrinterJob"/>
    <property name="sun.os.patch.level" value=""/>
    <property name="java.library.path" value="C:\Program Files (x86)\AdoptOpenJDK\jdk-11\bin;C:\Windows\Sun\Java\bin;C:\Windows\system32;C:\Windows;C:\Python310\Scripts\;C:\Python310\;C:\Program Files (x86)\VMware\VMware Player\bin\;C:\Program Files (x86)\AdoptOpenJDK\jdk-11\bin;C:\Program Files (x86)\Common Files\Oracle\Java\javapath;C:\Windows\system32;C:\Windows;C:\Windows\System32\Wbem;C:\Windows\System32\WindowsPowerShell\v1.0\;C:\Windows\System32\OpenSSH\;C:\Program Files\Git\cmd;C:\Program Files\apache-maven-3.6.3\bin;C:\Program Files\Java\jdk1.8.0_261\bin;C:\Program Files\NVIDIA Corporation\NVIDIA NvDLISR;C:\Program Files\nodejs\;C:\ProgramData\chocolatey\bin;C:\Program Files\dotnet\;C:\Program Files\Microsoft SQL Server\130\Tools\Binn\;C:\Program Files\MySQL\MySQL Shell 8.0\bin\;C:\Users\88696\AppData\Local\Microsoft\WindowsApps;;C:\Users\88696\AppData\Local\Programs\Microsoft VS Code\bin;C:\Users\88696\AppData\Roaming\npm;C:\Users\88696\.dotnet\tools;."/>
    <property name="java.vendor" value="Oracle Corporation"/>
    <property name="java.vm.info" value="mixed mode"/>
    <property name="java.vm.version" value="11+28"/>
    <property name="sun.io.unicode.encoding" value="UnicodeLittle"/>
    <property name="java.class.version" value="55.0"/>
  </properties>
  <testcase name="inputSeventyShouldReturnLetterC" classname="letter.grade.AppTest" time="0.008"/>
  <testcase name="inputNinetyShouldReturnLetterA" classname="letter.grade.AppTest" time="0"/>
  <testcase name="inputSixtyShouldReturnLetterD" classname="letter.grade.AppTest" time="0"/>
  <testcase name="inputOneHundredShouldReturnLetterA" classname="letter.grade.AppTest" time="0"/>
  <testcase name="inputZeroShouldReturnLetterF" classname="letter.grade.AppTest" time="0"/>
  <testcase name="inputEightyShouldReturnLetterB" classname="letter.grade.AppTest" time="0"/>
</testsuite>